<?xml version="1.0" encoding="UTF-8"?>
<!-- Generated by org.testng.reporters.JUnitReportReporter -->
<testsuite hostname="K501UB" failures="0" tests="2" name="buoi16.AlertAutoTesting" time="7.197" errors="0" timestamp="2023-11-09T20:56:30 ICT" skipped="0">
  <testcase classname="buoi16.AlertAutoTesting" name="okAndCancel" time="0.743"/>
  <system-out/>
  <testcase classname="buoi16.AlertAutoTesting" name="typeAlert" time="6.454"/>
  <system-out/>
</testsuite> <!-- buoi16.AlertAutoTesting -->
