<?xml version="1.0" encoding="UTF-8"?>
<!-- Generated by org.testng.reporters.JUnitReportReporter -->
<testsuite hostname="K501UB" failures="0" tests="2" name="buoi13.Logout" time="7.765" errors="0" timestamp="2023-11-02T00:26:32 ICT" skipped="0">
  <testcase classname="buoi13.Logout" name="loginSuccess" time="4.423"/>
  <system-out/>
  <testcase classname="buoi13.Logout" name="logout" time="3.342"/>
  <system-out/>
</testsuite> <!-- buoi13.Logout -->
