<?xml version="1.0" encoding="UTF-8"?>
<!-- Generated by org.testng.reporters.JUnitReportReporter -->
<testsuite hostname="K501UB" failures="0" tests="2" name="buoi12.HomeworkSelectAndDropdown" time="15.254" errors="0" timestamp="2023-10-27T09:03:44 ICT" skipped="0">
  <testcase classname="buoi12.HomeworkSelectAndDropdown" name="homework12" time="5.396"/>
  <system-out/>
  <testcase classname="buoi12.HomeworkSelectAndDropdown" name="dropdownTest" time="9.858"/>
  <system-out/>
</testsuite> <!-- buoi12.HomeworkSelectAndDropdown -->
