<?xml version="1.0" encoding="UTF-8"?>
<!-- Generated by org.testng.reporters.JUnitReportReporter -->
<testsuite hostname="K501UB" failures="0" tests="2" name="addprojectfunction.P4" time="109.829" errors="0" timestamp="2023-11-29T22:20:29 ICT" skipped="0">
  <testcase classname="addprojectfunction.P4" name="TC8" time="54.935"/>
  <system-out/>
  <testcase classname="addprojectfunction.P4" name="TC8" time="54.894"/>
  <system-out/>
</testsuite> <!-- addprojectfunction.P4 -->
