<?xml version="1.0" encoding="UTF-8"?>
<!-- Generated by org.testng.reporters.JUnitReportReporter -->
<testsuite hostname="K501UB" failures="0" tests="2" name="buoi18.RadioDemoMultiBrowser" time="4.377" errors="0" timestamp="2023-11-16T20:51:22 ICT" skipped="0">
  <testcase classname="buoi18.RadioDemoMultiBrowser" name="radioCheck" time="2.181"/>
  <system-out/>
  <testcase classname="buoi18.RadioDemoMultiBrowser" name="radioCheck" time="2.196"/>
  <system-out/>
</testsuite> <!-- buoi18.RadioDemoMultiBrowser -->
