<?xml version="1.0" encoding="UTF-8"?>
<!-- Generated by org.testng.reporters.JUnitReportReporter -->
<testsuite hostname="K501UB" failures="0" tests="2" name="buoi12.CheckBoxDemo" time="4.242" errors="0" timestamp="2023-10-26T19:28:31 ICT" skipped="0">
  <testcase classname="buoi12.CheckBoxDemo" name="checkDefaultBox" time="2.108"/>
  <system-out/>
  <testcase classname="buoi12.CheckBoxDemo" name="checkClickOn" time="2.134"/>
  <system-out/>
</testsuite> <!-- buoi12.CheckBoxDemo -->
