<?xml version="1.0" encoding="UTF-8"?>
<!-- Generated by org.testng.reporters.JUnitReportReporter -->
<testsuite hostname="K501UB" failures="0" tests="1" name="buoi15.TrizenDate" time="2.727" errors="0" timestamp="2023-11-05T21:10:59 ICT" skipped="0">
  <testcase classname="buoi15.TrizenDate" name="chooseDate" time="2.727"/>
  <system-out/>
</testsuite> <!-- buoi15.TrizenDate -->
