<?xml version="1.0" encoding="UTF-8"?>
<!-- Generated by org.testng.reporters.JUnitReportReporter -->
<testsuite hostname="K501UB" failures="0" tests="1" name="buoi17.SwitchWin" time="13.591" errors="0" timestamp="2023-11-12T19:31:43 ICT" skipped="0">
  <testcase classname="buoi17.SwitchWin" name="switchWindows" time="13.591"/>
  <system-out/>
</testsuite> <!-- buoi17.SwitchWin -->
