<?xml version="1.0" encoding="UTF-8"?>
<!-- Generated by org.testng.reporters.JUnitReportReporter -->
<testsuite hostname="K501UB" failures="0" tests="1" name="labelfunction.LA7" time="53.331" errors="0" timestamp="2023-11-29T21:55:11 ICT" skipped="0">
  <testcase classname="labelfunction.LA7" name="TC7" time="53.331"/>
  <system-out/>
</testsuite> <!-- labelfunction.LA7 -->
