<?xml version="1.0" encoding="UTF-8"?>
<!-- Generated by org.testng.reporters.JUnitReportReporter -->
<testsuite hostname="K501UB" failures="0" tests="2" name="addprojectfunction.P5" time="14.950" errors="0" timestamp="2023-11-29T22:20:29 ICT" skipped="0">
  <testcase classname="addprojectfunction.P5" name="TC8" time="7.273"/>
  <system-out/>
  <testcase classname="addprojectfunction.P5" name="TC8" time="7.677"/>
  <system-out/>
</testsuite> <!-- addprojectfunction.P5 -->
