<?xml version="1.0" encoding="UTF-8"?>
<!-- Generated by org.testng.reporters.JUnitReportReporter -->
<testsuite hostname="K501UB" failures="0" tests="1" name="buoi14.LoginTest" time="45.963" errors="0" timestamp="2023-11-05T17:16:33 ICT" skipped="0">
  <testcase classname="buoi14.LoginTest" name="loginTest" time="45.963"/>
  <system-out/>
</testsuite> <!-- buoi14.LoginTest -->
