<?xml version="1.0" encoding="UTF-8"?>
<!-- Generated by org.testng.reporters.JUnitReportReporter -->
<testsuite hostname="K501UB" failures="0" tests="1" name="labelfunction.AddClient" time="16.948" errors="0" timestamp="2023-11-25T21:21:21 ICT" skipped="0">
  <testcase classname="labelfunction.AddClient" name="openSite" time="16.948"/>
  <system-out/>
</testsuite> <!-- labelfunction.AddClient -->
