<?xml version="1.0" encoding="UTF-8"?>
<!-- Generated by org.testng.reporters.JUnitReportReporter -->
<testsuite hostname="K501UB" failures="0" tests="2" name="labelfunction.LA3" time="5.737" errors="0" timestamp="2023-11-26T17:25:23 ICT" skipped="0">
  <testcase classname="labelfunction.LA3" name="TC3_createLabel" time="3.524"/>
  <system-out/>
  <testcase classname="labelfunction.LA3" name="TC3_deleteLabel" time="2.213"/>
  <system-out/>
</testsuite> <!-- labelfunction.LA3 -->
