<?xml version="1.0" encoding="UTF-8"?>
<!-- Generated by org.testng.reporters.JUnitReportReporter -->
<testsuite hostname="K501UB" failures="0" tests="5" name="buoi13.Login" time="139.546" errors="0" timestamp="2023-11-02T00:26:32 ICT" skipped="0">
  <testcase classname="buoi13.Login" name="loginSuccess" time="15.202"/>
  <system-out/>
  <testcase classname="buoi13.Login" name="loginFailedEmail" time="12.723"/>
  <system-out/>
  <testcase classname="buoi13.Login" name="loginFailedPassword" time="85.586"/>
  <system-out/>
  <testcase classname="buoi13.Login" name="loginFailedEmailAndPassword" time="12.112"/>
  <system-out/>
  <testcase classname="buoi13.Login" name="logout" time="13.923"/>
  <system-out/>
</testsuite> <!-- buoi13.Login -->
