<?xml version="1.0" encoding="UTF-8"?>
<!-- Generated by org.testng.reporters.JUnitReportReporter -->
<testsuite hostname="K501UB" failures="0" tests="1" name="buoi14.LogInAndChangePassTest" time="78.285" errors="0" timestamp="2023-11-05T17:11:50 ICT" skipped="0">
  <testcase classname="buoi14.LogInAndChangePassTest" name="loginTest" time="78.285"/>
  <system-out/>
</testsuite> <!-- buoi14.LogInAndChangePassTest -->
