<?xml version="1.0" encoding="UTF-8"?>
<!-- Generated by org.testng.reporters.JUnitReportReporter -->
<testsuite hostname="K501UB" failures="0" tests="5" name="buoi13.AuthTest" time="31.603" errors="0" timestamp="2023-11-02T20:56:09 ICT" skipped="0">
  <testcase classname="buoi13.AuthTest" name="loginFailedEmail" time="6.173"/>
  <system-out/>
  <testcase classname="buoi13.AuthTest" name="loginFailedPassword" time="8.396"/>
  <system-out/>
  <testcase classname="buoi13.AuthTest" name="loginFailedEmailAndPassword" time="4.466"/>
  <system-out/>
  <testcase classname="buoi13.AuthTest" name="loginSuccess" time="8.211"/>
  <system-out/>
  <testcase classname="buoi13.AuthTest" name="logout" time="4.357"/>
  <system-out/>
</testsuite> <!-- buoi13.AuthTest -->
