<?xml version="1.0" encoding="UTF-8"?>
<!-- Generated by org.testng.reporters.JUnitReportReporter -->
<testsuite hostname="K501UB" failures="0" tests="2" name="labelfunction.LA5" time="7.697" errors="0" timestamp="2023-11-26T17:25:23 ICT" skipped="0">
  <testcase classname="labelfunction.LA5" name="TC5_createLabel" time="5.379"/>
  <system-out/>
  <testcase classname="labelfunction.LA5" name="TC5_recolorLabel" time="2.318"/>
  <system-out/>
</testsuite> <!-- labelfunction.LA5 -->
