<?xml version="1.0" encoding="UTF-8"?>
<!-- Generated by org.testng.reporters.JUnitReportReporter -->
<testsuite hostname="K501UB" failures="0" tests="1" name="buoi17.HW_Codestar" time="5.713" errors="0" timestamp="2023-11-19T15:09:06 ICT" skipped="0">
  <testcase classname="buoi17.HW_Codestar" name="switchToRoadmapIframe" time="5.713"/>
  <system-out/>
</testsuite> <!-- buoi17.HW_Codestar -->
