<?xml version="1.0" encoding="UTF-8"?>
<!-- Generated by org.testng.reporters.JUnitReportReporter -->
<testsuite hostname="K501UB" failures="0" tests="1" name="labelfunction.LA1" time="3.483" errors="0" timestamp="2023-11-26T17:25:23 ICT" skipped="0">
  <testcase classname="labelfunction.LA1" name="TC1" time="3.483"/>
  <system-out/>
</testsuite> <!-- labelfunction.LA1 -->
