<?xml version="1.0" encoding="UTF-8"?>
<!-- Generated by org.testng.reporters.JUnitReportReporter -->
<testsuite hostname="K501UB" failures="0" tests="1" name="buoi15.AddClient" time="11.356" errors="0" timestamp="2023-11-05T20:18:17 ICT" skipped="0">
  <testcase classname="buoi15.AddClient" name="addClientTest" time="11.356"/>
  <system-out/>
</testsuite> <!-- buoi15.AddClient -->
