<?xml version="1.0" encoding="UTF-8"?>
<!-- Generated by org.testng.reporters.JUnitReportReporter -->
<testsuite hostname="K501UB" failures="0" tests="1" name="buoi16.AlertTest" time="17.186" errors="0" timestamp="2023-11-09T20:35:14 ICT" skipped="0">
  <testcase classname="buoi16.AlertTest" name="deleteCustomer" time="17.186"/>
  <system-out/>
</testsuite> <!-- buoi16.AlertTest -->
