<?xml version="1.0" encoding="UTF-8"?>
<!-- Generated by org.testng.reporters.JUnitReportReporter -->
<testsuite hostname="K501UB" failures="0" tests="1" name="buoi15.AddClient" time="15.000" errors="0" timestamp="2023-11-29T21:24:11 ICT" skipped="0">
  <testcase classname="buoi15.AddClient" name="addClientTest" time="15.000"/>
  <system-out/>
</testsuite> <!-- buoi15.AddClient -->
