<?xml version="1.0" encoding="UTF-8"?>
<!-- Generated by org.testng.reporters.JUnitReportReporter -->
<testsuite hostname="K501UB" failures="0" tests="5" name="buoi13.Login" time="26.578" errors="0" timestamp="2023-11-02T20:42:14 ICT" skipped="0">
  <testcase classname="buoi13.Login" name="loginFailedEmail" time="3.784"/>
  <system-out/>
  <testcase classname="buoi13.Login" name="loginFailedPassword" time="3.680"/>
  <system-out/>
  <testcase classname="buoi13.Login" name="loginFailedEmailAndPassword" time="4.324"/>
  <system-out/>
  <testcase classname="buoi13.Login" name="loginSuccess" time="9.886"/>
  <system-out/>
  <testcase classname="buoi13.Login" name="logout" time="4.904"/>
  <system-out/>
</testsuite> <!-- buoi13.Login -->
