<?xml version="1.0" encoding="UTF-8"?>
<!-- Generated by org.testng.reporters.JUnitReportReporter -->
<testsuite hostname="K501UB" failures="0" tests="2" name="addprojectfunction.P3" time="18.904" errors="0" timestamp="2023-11-29T22:20:29 ICT" skipped="0">
  <testcase classname="addprojectfunction.P3" name="TC8" time="9.521"/>
  <system-out/>
  <testcase classname="addprojectfunction.P3" name="TC8" time="9.383"/>
  <system-out/>
</testsuite> <!-- addprojectfunction.P3 -->
