<?xml version="1.0" encoding="UTF-8"?>
<!-- Generated by org.testng.reporters.JUnitReportReporter -->
<testsuite hostname="K501UB" failures="0" tests="1" name="buoi12.RadioDemo" time="2.169" errors="0" timestamp="2023-10-26T20:48:51 ICT" skipped="0">
  <testcase classname="buoi12.RadioDemo" name="radioCheck" time="2.169"/>
  <system-out/>
</testsuite> <!-- buoi12.RadioDemo -->
