<?xml version="1.0" encoding="UTF-8"?>
<!-- Generated by org.testng.reporters.JUnitReportReporter -->
<testsuite hostname="K501UB" failures="0" tests="1" name="buoi8.bai1" time="0.965" errors="0" timestamp="2023-10-14T23:20:07 ICT" skipped="0">
  <testcase classname="buoi8.bai1" name="fillInfo" time="0.965"/>
  <system-out/>
</testsuite> <!-- buoi8.bai1 -->
