<?xml version="1.0" encoding="UTF-8"?>
<!-- Generated by org.testng.reporters.JUnitReportReporter -->
<testsuite hostname="K501UB" failures="0" tests="1" name="buoi12.MultiCheckboxDemo" time="2.564" errors="0" timestamp="2023-10-26T20:05:03 ICT" skipped="0">
  <testcase classname="buoi12.MultiCheckboxDemo" name="multiCheckbox" time="2.564"/>
  <system-out/>
</testsuite> <!-- buoi12.MultiCheckboxDemo -->
