<?xml version="1.0" encoding="UTF-8"?>
<!-- Generated by org.testng.reporters.JUnitReportReporter -->
<testsuite hostname="K501UB" failures="0" tests="1" name="buoi15.HW_TrizenSearchFlight" time="11.847" errors="0" timestamp="2023-11-09T16:32:11 ICT" skipped="0">
  <testcase classname="buoi15.HW_TrizenSearchFlight" name="searchFlight" time="11.847"/>
  <system-out/>
</testsuite> <!-- buoi15.HW_TrizenSearchFlight -->
