<?xml version="1.0" encoding="UTF-8"?>
<!-- Generated by org.testng.reporters.JUnitReportReporter -->
<testsuite hostname="K501UB" failures="0" tests="2" name="buoi17.SwitchIframe" time="119.634" errors="0" timestamp="2023-11-12T20:45:14 ICT" skipped="0">
  <testcase classname="buoi17.SwitchIframe" name="switchWindowsAndType" time="8.185"/>
  <system-out/>
  <testcase classname="buoi17.SwitchIframe" name="switchWindows" time="111.449"/>
  <system-out/>
</testsuite> <!-- buoi17.SwitchIframe -->
