<?xml version="1.0" encoding="UTF-8"?>
<!-- Generated by org.testng.reporters.JUnitReportReporter -->
<testsuite hostname="K501UB" failures="0" tests="2" name="addprojectfunction.P2" time="6.756" errors="0" timestamp="2023-11-29T22:20:29 ICT" skipped="0">
  <testcase classname="addprojectfunction.P2" name="TC9" time="3.380"/>
  <system-out/>
  <testcase classname="addprojectfunction.P2" name="TC9" time="3.376"/>
  <system-out/>
</testsuite> <!-- addprojectfunction.P2 -->
